2020.03.19 at 22:34:54 CST ERROR org.springframework.web.context.ContextLoader 313 initWebApplicationContext - Context initialization failed org.springframework.beans.factory.BeanCreationException: Error creating bean with name 'sqlSessionFactory' defined in class path resource [applicationContext.xml]: Invocation of init method failed; nested exception is org.springframework.core.NestedIOException: Failed to parse mapping resource: 'file [E:\apache-tomcat-8.5.51\wtpwebapps\MySupermarketManage\WEB-INF\classes\mapper\GoodsMapper.xml]'; nested exception is org.apache.ibatis.builder.BuilderException: Error parsing Mapper XML. The XML location is 'file [E:\apache-tomcat-8.5.51\wtpwebapps\MySupermarketManage\WEB-INF\classes\mapper\GoodsMapper.xml]'. Cause: org.apache.ibatis.builder.BuilderException: Error resolving class. Cause: org.apache.ibatis.type.TypeException: Could not resolve type alias 'smmanage.entity.Goods'.  Cause: java.lang.ClassNotFoundException: Cannot find class: smmanage.entity.Goods
	at org.springframework.beans.factory.support.AbstractAutowireCapableBeanFactory.initializeBean(AbstractAutowireCapableBeanFactory.java:1796) ~[spring-beans-5.2.4.RELEASE.jar:5.2.4.RELEASE]
	at org.springframework.beans.factory.support.AbstractAutowireCapableBeanFactory.doCreateBean(AbstractAutowireCapableBeanFactory.java:595) ~[spring-beans-5.2.4.RELEASE.jar:5.2.4.RELEASE]
	at org.springframework.beans.factory.support.AbstractAutowireCapableBeanFactory.createBean(AbstractAutowireCapableBeanFactory.java:517) ~[spring-beans-5.2.4.RELEASE.jar:5.2.4.RELEASE]
	at org.springframework.beans.factory.support.AbstractBeanFactory.lambda$doGetBean$0(AbstractBeanFactory.java:323) ~[spring-beans-5.2.4.RELEASE.jar:5.2.4.RELEASE]
	at org.springframework.beans.factory.support.DefaultSingletonBeanRegistry.getSingleton(DefaultSingletonBeanRegistry.java:222) ~[spring-beans-5.2.4.RELEASE.jar:5.2.4.RELEASE]
	at org.springframework.beans.factory.support.AbstractBeanFactory.doGetBean(AbstractBeanFactory.java:321) ~[spring-beans-5.2.4.RELEASE.jar:5.2.4.RELEASE]
	at org.springframework.beans.factory.support.AbstractBeanFactory.getBean(AbstractBeanFactory.java:202) ~[spring-beans-5.2.4.RELEASE.jar:5.2.4.RELEASE]
	at org.springframework.beans.factory.support.DefaultListableBeanFactory.preInstantiateSingletons(DefaultListableBeanFactory.java:860) ~[spring-beans-5.2.4.RELEASE.jar:5.2.4.RELEASE]
	at org.springframework.context.support.AbstractApplicationContext.finishBeanFactoryInitialization(AbstractApplicationContext.java:878) ~[spring-context-5.2.4.RELEASE.jar:5.2.4.RELEASE]
	at org.springframework.context.support.AbstractApplicationContext.refresh(AbstractApplicationContext.java:550) ~[spring-context-5.2.4.RELEASE.jar:5.2.4.RELEASE]
	at org.springframework.web.context.ContextLoader.configureAndRefreshWebApplicationContext(ContextLoader.java:401) ~[spring-web-5.2.4.RELEASE.jar:5.2.4.RELEASE]
	at org.springframework.web.context.ContextLoader.initWebApplicationContext(ContextLoader.java:292) [spring-web-5.2.4.RELEASE.jar:5.2.4.RELEASE]
	at org.springframework.web.context.ContextLoaderListener.contextInitialized(ContextLoaderListener.java:103) [spring-web-5.2.4.RELEASE.jar:5.2.4.RELEASE]
	at org.apache.catalina.core.StandardContext.listenerStart(StandardContext.java:4699) [catalina.jar:8.5.51]
	at org.apache.catalina.core.StandardContext.startInternal(StandardContext.java:5165) [catalina.jar:8.5.51]
	at org.apache.catalina.util.LifecycleBase.start(LifecycleBase.java:183) [catalina.jar:8.5.51]
	at org.apache.catalina.core.ContainerBase$StartChild.call(ContainerBase.java:1412) [catalina.jar:8.5.51]
	at org.apache.catalina.core.ContainerBase$StartChild.call(ContainerBase.java:1402) [catalina.jar:8.5.51]
	at java.util.concurrent.FutureTask.run(FutureTask.java:264) [?:?]
	at java.util.concurrent.ThreadPoolExecutor.runWorker(ThreadPoolExecutor.java:1128) [?:?]
	at java.util.concurrent.ThreadPoolExecutor$Worker.run(ThreadPoolExecutor.java:628) [?:?]
	at java.lang.Thread.run(Thread.java:830) [?:?]
Caused by: org.springframework.core.NestedIOException: Failed to parse mapping resource: 'file [E:\apache-tomcat-8.5.51\wtpwebapps\MySupermarketManage\WEB-INF\classes\mapper\GoodsMapper.xml]'; nested exception is org.apache.ibatis.builder.BuilderException: Error parsing Mapper XML. The XML location is 'file [E:\apache-tomcat-8.5.51\wtpwebapps\MySupermarketManage\WEB-INF\classes\mapper\GoodsMapper.xml]'. Cause: org.apache.ibatis.builder.BuilderException: Error resolving class. Cause: org.apache.ibatis.type.TypeException: Could not resolve type alias 'smmanage.entity.Goods'.  Cause: java.lang.ClassNotFoundException: Cannot find class: smmanage.entity.Goods
	at org.mybatis.spring.SqlSessionFactoryBean.buildSqlSessionFactory(SqlSessionFactoryBean.java:523) ~[mybatis-spring-1.3.2.jar:1.3.2]
	at org.mybatis.spring.SqlSessionFactoryBean.afterPropertiesSet(SqlSessionFactoryBean.java:380) ~[mybatis-spring-1.3.2.jar:1.3.2]
	at org.springframework.beans.factory.support.AbstractAutowireCapableBeanFactory.invokeInitMethods(AbstractAutowireCapableBeanFactory.java:1855) ~[spring-beans-5.2.4.RELEASE.jar:5.2.4.RELEASE]
	at org.springframework.beans.factory.support.AbstractAutowireCapableBeanFactory.initializeBean(AbstractAutowireCapableBeanFactory.java:1792) ~[spring-beans-5.2.4.RELEASE.jar:5.2.4.RELEASE]
	... 21 more
Caused by: org.apache.ibatis.builder.BuilderException: Error parsing Mapper XML. The XML location is 'file [E:\apache-tomcat-8.5.51\wtpwebapps\MySupermarketManage\WEB-INF\classes\mapper\GoodsMapper.xml]'. Cause: org.apache.ibatis.builder.BuilderException: Error resolving class. Cause: org.apache.ibatis.type.TypeException: Could not resolve type alias 'smmanage.entity.Goods'.  Cause: java.lang.ClassNotFoundException: Cannot find class: smmanage.entity.Goods
	at org.apache.ibatis.builder.xml.XMLMapperBuilder.configurationElement(XMLMapperBuilder.java:120) ~[mybatis-3.4.6.jar:3.4.6]
	at org.apache.ibatis.builder.xml.XMLMapperBuilder.parse(XMLMapperBuilder.java:92) ~[mybatis-3.4.6.jar:3.4.6]
	at org.mybatis.spring.SqlSessionFactoryBean.buildSqlSessionFactory(SqlSessionFactoryBean.java:521) ~[mybatis-spring-1.3.2.jar:1.3.2]
	at org.mybatis.spring.SqlSessionFactoryBean.afterPropertiesSet(SqlSessionFactoryBean.java:380) ~[mybatis-spring-1.3.2.jar:1.3.2]
	at org.springframework.beans.factory.support.AbstractAutowireCapableBeanFactory.invokeInitMethods(AbstractAutowireCapableBeanFactory.java:1855) ~[spring-beans-5.2.4.RELEASE.jar:5.2.4.RELEASE]
	at org.springframework.beans.factory.support.AbstractAutowireCapableBeanFactory.initializeBean(AbstractAutowireCapableBeanFactory.java:1792) ~[spring-beans-5.2.4.RELEASE.jar:5.2.4.RELEASE]
	... 21 more
Caused by: org.apache.ibatis.builder.BuilderException: Error resolving class. Cause: org.apache.ibatis.type.TypeException: Could not resolve type alias 'smmanage.entity.Goods'.  Cause: java.lang.ClassNotFoundException: Cannot find class: smmanage.entity.Goods
	at org.apache.ibatis.builder.BaseBuilder.resolveClass(BaseBuilder.java:118) ~[mybatis-3.4.6.jar:3.4.6]
	at org.apache.ibatis.builder.xml.XMLStatementBuilder.parseStatementNode(XMLStatementBuilder.java:74) ~[mybatis-3.4.6.jar:3.4.6]
	at org.apache.ibatis.builder.xml.XMLMapperBuilder.buildStatementFromContext(XMLMapperBuilder.java:135) ~[mybatis-3.4.6.jar:3.4.6]
	at org.apache.ibatis.builder.xml.XMLMapperBuilder.buildStatementFromContext(XMLMapperBuilder.java:128) ~[mybatis-3.4.6.jar:3.4.6]
	at org.apache.ibatis.builder.xml.XMLMapperBuilder.configurationElement(XMLMapperBuilder.java:118) ~[mybatis-3.4.6.jar:3.4.6]
	at org.apache.ibatis.builder.xml.XMLMapperBuilder.parse(XMLMapperBuilder.java:92) ~[mybatis-3.4.6.jar:3.4.6]
	at org.mybatis.spring.SqlSessionFactoryBean.buildSqlSessionFactory(SqlSessionFactoryBean.java:521) ~[mybatis-spring-1.3.2.jar:1.3.2]
	at org.mybatis.spring.SqlSessionFactoryBean.afterPropertiesSet(SqlSessionFactoryBean.java:380) ~[mybatis-spring-1.3.2.jar:1.3.2]
	at org.springframework.beans.factory.support.AbstractAutowireCapableBeanFactory.invokeInitMethods(AbstractAutowireCapableBeanFactory.java:1855) ~[spring-beans-5.2.4.RELEASE.jar:5.2.4.RELEASE]
	at org.springframework.beans.factory.support.AbstractAutowireCapableBeanFactory.initializeBean(AbstractAutowireCapableBeanFactory.java:1792) ~[spring-beans-5.2.4.RELEASE.jar:5.2.4.RELEASE]
	... 21 more
Caused by: org.apache.ibatis.type.TypeException: Could not resolve type alias 'smmanage.entity.Goods'.  Cause: java.lang.ClassNotFoundException: Cannot find class: smmanage.entity.Goods
	at org.apache.ibatis.type.TypeAliasRegistry.resolveAlias(TypeAliasRegistry.java:120) ~[mybatis-3.4.6.jar:3.4.6]
	at org.apache.ibatis.builder.BaseBuilder.resolveAlias(BaseBuilder.java:149) ~[mybatis-3.4.6.jar:3.4.6]
	at org.apache.ibatis.builder.BaseBuilder.resolveClass(BaseBuilder.java:116) ~[mybatis-3.4.6.jar:3.4.6]
	at org.apache.ibatis.builder.xml.XMLStatementBuilder.parseStatementNode(XMLStatementBuilder.java:74) ~[mybatis-3.4.6.jar:3.4.6]
	at org.apache.ibatis.builder.xml.XMLMapperBuilder.buildStatementFromContext(XMLMapperBuilder.java:135) ~[mybatis-3.4.6.jar:3.4.6]
	at org.apache.ibatis.builder.xml.XMLMapperBuilder.buildStatementFromContext(XMLMapperBuilder.java:128) ~[mybatis-3.4.6.jar:3.4.6]
	at org.apache.ibatis.builder.xml.XMLMapperBuilder.configurationElement(XMLMapperBuilder.java:118) ~[mybatis-3.4.6.jar:3.4.6]
	at org.apache.ibatis.builder.xml.XMLMapperBuilder.parse(XMLMapperBuilder.java:92) ~[mybatis-3.4.6.jar:3.4.6]
	at org.mybatis.spring.SqlSessionFactoryBean.buildSqlSessionFactory(SqlSessionFactoryBean.java:521) ~[mybatis-spring-1.3.2.jar:1.3.2]
	at org.mybatis.spring.SqlSessionFactoryBean.afterPropertiesSet(SqlSessionFactoryBean.java:380) ~[mybatis-spring-1.3.2.jar:1.3.2]
	at org.springframework.beans.factory.support.AbstractAutowireCapableBeanFactory.invokeInitMethods(AbstractAutowireCapableBeanFactory.java:1855) ~[spring-beans-5.2.4.RELEASE.jar:5.2.4.RELEASE]
	at org.springframework.beans.factory.support.AbstractAutowireCapableBeanFactory.initializeBean(AbstractAutowireCapableBeanFactory.java:1792) ~[spring-beans-5.2.4.RELEASE.jar:5.2.4.RELEASE]
	... 21 more
Caused by: java.lang.ClassNotFoundException: Cannot find class: smmanage.entity.Goods
	at org.apache.ibatis.io.ClassLoaderWrapper.classForName(ClassLoaderWrapper.java:200) ~[mybatis-3.4.6.jar:3.4.6]
	at org.apache.ibatis.io.ClassLoaderWrapper.classForName(ClassLoaderWrapper.java:89) ~[mybatis-3.4.6.jar:3.4.6]
	at org.apache.ibatis.io.Resources.classForName(Resources.java:261) ~[mybatis-3.4.6.jar:3.4.6]
	at org.apache.ibatis.type.TypeAliasRegistry.resolveAlias(TypeAliasRegistry.java:116) ~[mybatis-3.4.6.jar:3.4.6]
	at org.apache.ibatis.builder.BaseBuilder.resolveAlias(BaseBuilder.java:149) ~[mybatis-3.4.6.jar:3.4.6]
	at org.apache.ibatis.builder.BaseBuilder.resolveClass(BaseBuilder.java:116) ~[mybatis-3.4.6.jar:3.4.6]
	at org.apache.ibatis.builder.xml.XMLStatementBuilder.parseStatementNode(XMLStatementBuilder.java:74) ~[mybatis-3.4.6.jar:3.4.6]
	at org.apache.ibatis.builder.xml.XMLMapperBuilder.buildStatementFromContext(XMLMapperBuilder.java:135) ~[mybatis-3.4.6.jar:3.4.6]
	at org.apache.ibatis.builder.xml.XMLMapperBuilder.buildStatementFromContext(XMLMapperBuilder.java:128) ~[mybatis-3.4.6.jar:3.4.6]
	at org.apache.ibatis.builder.xml.XMLMapperBuilder.configurationElement(XMLMapperBuilder.java:118) ~[mybatis-3.4.6.jar:3.4.6]
	at org.apache.ibatis.builder.xml.XMLMapperBuilder.parse(XMLMapperBuilder.java:92) ~[mybatis-3.4.6.jar:3.4.6]
	at org.mybatis.spring.SqlSessionFactoryBean.buildSqlSessionFactory(SqlSessionFactoryBean.java:521) ~[mybatis-spring-1.3.2.jar:1.3.2]
	at org.mybatis.spring.SqlSessionFactoryBean.afterPropertiesSet(SqlSessionFactoryBean.java:380) ~[mybatis-spring-1.3.2.jar:1.3.2]
	at org.springframework.beans.factory.support.AbstractAutowireCapableBeanFactory.invokeInitMethods(AbstractAutowireCapableBeanFactory.java:1855) ~[spring-beans-5.2.4.RELEASE.jar:5.2.4.RELEASE]
	at org.springframework.beans.factory.support.AbstractAutowireCapableBeanFactory.initializeBean(AbstractAutowireCapableBeanFactory.java:1792) ~[spring-beans-5.2.4.RELEASE.jar:5.2.4.RELEASE]
	... 21 more

